<?xml version="1.0" encoding="UTF-8"?>
<robot generator="Robot 3.1.2 (Python 3.7.3 on darwin)" generated="20190615 23:08:09.934" rpa="false">
<suite id="s1" name="Test" source="/Users/huydongpham/PycharmProjects/Jobsportal/Test/Test.robot">
<test id="s1-t1" name="Show jobs by clicking links in footer">
<kw name="Open Browser And Load Homepage" library="Common">
<msg timestamp="20190615 23:08:10.170" level="INFO">Opening browser 'chrome' to base url 'https://www.jobsportal.fi'.</msg>
<status status="PASS" starttime="20190615 23:08:10.170" endtime="20190615 23:08:15.561"></status>
</kw>
<kw name="Accept Cookie" library="Common">
<msg timestamp="20190615 23:08:15.561" level="INFO">Clicking element 'xpath = //div[ @class ='cc-compliance']'.</msg>
<msg timestamp="20190615 23:08:16.649" level="INFO">Slept 1 second</msg>
<status status="PASS" starttime="20190615 23:08:15.561" endtime="20190615 23:08:16.649"></status>
</kw>
<kw name="Verify User Can Access Jobs By All Locations In Footer" library="WebLibrary">
<msg timestamp="20190615 23:08:16.650" level="INFO">Clicking element 'xpath=//a[@class='about-links' and text()= 'Jobs in Helsinki']'.</msg>
<msg timestamp="20190615 23:08:17.389" level="INFO">Clicking element 'xpath=//a[@class='about-links' and text()= 'Jobs in Espoo']'.</msg>
<msg timestamp="20190615 23:08:18.055" level="INFO">Clicking element 'xpath=//a[@class='about-links' and text()= 'Jobs in Tampere']'.</msg>
<msg timestamp="20190615 23:08:18.914" level="INFO">Clicking element 'xpath=//a[@class='about-links' and text()= 'Jobs in Vantaa']'.</msg>
<msg timestamp="20190615 23:08:19.895" level="INFO">Clicking element 'xpath=//a[@class='about-links' and text()= 'Jobs in Oulu']'.</msg>
<msg timestamp="20190615 23:08:20.564" level="INFO">Clicking element 'xpath=//a[@class='about-links' and text()= 'Jobs in Turku']'.</msg>
<msg timestamp="20190615 23:08:21.433" level="INFO">Clicking element 'xpath=//a[@class='about-links' and text()= 'Jobs in Lahti']'.</msg>
<msg timestamp="20190615 23:08:22.042" level="INFO">Clicking element 'xpath=//a[@class='about-links' and text()= 'Jobs in Kuopio']'.</msg>
<status status="PASS" starttime="20190615 23:08:16.649" endtime="20190615 23:08:22.663"></status>
</kw>
<kw name="Verify User Can Access Jobs By All Companies In Footer" library="WebLibrary">
<msg timestamp="20190615 23:08:22.664" level="INFO">Clicking element 'xpath=//a[@class='about-links' and text()= 'Jobs at Nokia']'.</msg>
<msg timestamp="20190615 23:08:23.437" level="INFO">Clicking element '//a[@class='about-links' and text()= 'Jobs at OP']'.</msg>
<msg timestamp="20190615 23:08:24.287" level="INFO">Clicking element 'xpath=//a[@class='about-links' and text()= 'Jobs at Nordea']'.</msg>
<msg timestamp="20190615 23:08:24.918" level="INFO">Clicking element '//a[@class='about-links' and text()= 'Jobs at Varjo']'.</msg>
<msg timestamp="20190615 23:08:25.736" level="INFO">Clicking element 'xpath=//a[@class='about-links' and text()= 'Jobs at Telia']'.</msg>
<msg timestamp="20190615 23:08:26.376" level="INFO">Clicking element '//a[@class='about-links' and text()= 'Jobs at Nordcloud']'.</msg>
<msg timestamp="20190615 23:08:27.291" level="INFO">Clicking element 'xpath=//a[@class='about-links' and text()= 'Jobs at Siili']'.</msg>
<msg timestamp="20190615 23:08:28.111" level="INFO">Clicking element '//a[@class='about-links' and text()= 'All our companies']'.</msg>
<status status="PASS" starttime="20190615 23:08:22.664" endtime="20190615 23:08:33.598"></status>
</kw>
<kw name="Verify User Can Access Jobs By All Keywords In Footer" library="WebLibrary">
<msg timestamp="20190615 23:08:33.598" level="INFO">Clicking element 'xpath=//a[@class='about-links' and text()='Python jobs']'.</msg>
<msg timestamp="20190615 23:08:34.749" level="INFO">Clicking element 'xpath=//a[@class='about-links' and text()='Java jobs']'.</msg>
<msg timestamp="20190615 23:08:35.782" level="INFO">Clicking element 'xpath=//a[@class='about-links' and text()='C jobs']'.</msg>
<msg timestamp="20190615 23:08:36.836" level="INFO">Clicking element 'xpath=//a[@class='about-links' and text()='JavaScript jobs']'.</msg>
<msg timestamp="20190615 23:08:37.924" level="INFO">Clicking element 'xpath=//a[@class='about-links' and text()='iOS jobs']'.</msg>
<msg timestamp="20190615 23:08:38.999" level="INFO">Clicking element 'xpath=//a[@class='about-links' and text()='Android jobs']'.</msg>
<msg timestamp="20190615 23:08:39.971" level="INFO">Clicking element 'xpath=//a[@class='about-links' and text()='SQL jobs']'.</msg>
<msg timestamp="20190615 23:08:40.929" level="INFO">Clicking element 'xpath=//a[@class='about-links' and text()='Node jobs']'.</msg>
<status status="PASS" starttime="20190615 23:08:33.598" endtime="20190615 23:08:41.944"></status>
</kw>
<kw name="End Web Test" library="Common">
<status status="PASS" starttime="20190615 23:08:41.944" endtime="20190615 23:08:42.083"></status>
</kw>
<status status="PASS" starttime="20190615 23:08:10.169" endtime="20190615 23:08:42.084" critical="yes"></status>
</test>
<doc>Check major links</doc>
<status status="PASS" starttime="20190615 23:08:09.938" endtime="20190615 23:08:42.085"></status>
</suite>
<statistics>
<total>
<stat pass="1" fail="0">Critical Tests</stat>
<stat pass="1" fail="0">All Tests</stat>
</total>
<tag>
</tag>
<suite>
<stat pass="1" fail="0" id="s1" name="Test">Test</stat>
</suite>
</statistics>
<errors>
</errors>
</robot>
