<?xml version="1.0" encoding="UTF-8"?>
<robot generator="Robot 3.1.2 (Python 3.7.3 on darwin)" generated="20190612 19:08:48.885" rpa="false">
<suite id="s1" name="Test" source="/Users/huydongpham/PycharmProjects/Jobsportal/Test/Test.robot">
<test id="s1-t1" name="Show all jobs">
<kw name="Begin Web Test" library="jpcommon" type="setup">
<kw name="Open Browser" library="SeleniumLibrary">
<doc>Opens a new browser instance to the given ``url``.</doc>
<arguments>
<arg>about:blank</arg>
<arg>chrome</arg>
</arguments>
<msg timestamp="20190612 19:08:49.121" level="INFO">Opening browser 'chrome' to base url 'about:blank'.</msg>
<status status="PASS" starttime="20190612 19:08:49.120" endtime="20190612 19:08:51.513"></status>
</kw>
<kw name="Maximize Browser Window" library="SeleniumLibrary">
<doc>Maximizes current browser window.</doc>
<status status="PASS" starttime="20190612 19:08:51.514" endtime="20190612 19:08:51.643"></status>
</kw>
<status status="PASS" starttime="20190612 19:08:49.120" endtime="20190612 19:08:51.644"></status>
</kw>
<kw name="Load" library="jpcommon">
<kw name="Go To" library="SeleniumLibrary">
<doc>Navigates the active browser instance to the provided ``url``.</doc>
<arguments>
<arg>https://www.jobsportal.fi</arg>
</arguments>
<msg timestamp="20190612 19:08:51.645" level="INFO">Opening url 'https://www.jobsportal.fi'</msg>
<status status="PASS" starttime="20190612 19:08:51.644" endtime="20190612 19:08:53.736"></status>
</kw>
<kw name="Wait Until Page Contains" library="SeleniumLibrary">
<doc>Waits until ``text`` appears on current page.</doc>
<arguments>
<arg>Contact us</arg>
</arguments>
<status status="PASS" starttime="20190612 19:08:53.737" endtime="20190612 19:08:53.760"></status>
</kw>
<kw name="Click Element" library="SeleniumLibrary">
<doc>Click element identified by ``locator``.</doc>
<arguments>
<arg>//div[@class='cc-compliance']</arg>
</arguments>
<msg timestamp="20190612 19:08:53.761" level="INFO">Clicking element '//div[@class='cc-compliance']'.</msg>
<status status="PASS" starttime="20190612 19:08:53.760" endtime="20190612 19:08:53.843"></status>
</kw>
<kw name="Nap" library="jpcommon">
<kw name="Sleep" library="BuiltIn">
<doc>Pauses the test executed for the given time.</doc>
<arguments>
<arg>2s</arg>
</arguments>
<msg timestamp="20190612 19:08:55.846" level="INFO">Slept 2 seconds</msg>
<status status="PASS" starttime="20190612 19:08:53.844" endtime="20190612 19:08:55.846"></status>
</kw>
<status status="PASS" starttime="20190612 19:08:53.844" endtime="20190612 19:08:55.847"></status>
</kw>
<status status="PASS" starttime="20190612 19:08:51.644" endtime="20190612 19:08:55.847"></status>
</kw>
<kw name="Show all jobs by location" library="jpapp">
<kw name="Helsinki" library="Bylocation">
<kw name="Click Element" library="SeleniumLibrary">
<doc>Click element identified by ``locator``.</doc>
<arguments>
<arg>xpath=/html/body/footer/div/div[1]/div[1]/fieldset/ul/li[1]/a</arg>
</arguments>
<msg timestamp="20190612 19:08:55.848" level="INFO">Clicking element 'xpath=/html/body/footer/div/div[1]/div[1]/fieldset/ul/li[1]/a'.</msg>
<status status="PASS" starttime="20190612 19:08:55.848" endtime="20190612 19:08:57.255"></status>
</kw>
<kw name="Nap" library="jpcommon">
<kw name="Sleep" library="BuiltIn">
<doc>Pauses the test executed for the given time.</doc>
<arguments>
<arg>2s</arg>
</arguments>
<msg timestamp="20190612 19:08:59.258" level="INFO">Slept 2 seconds</msg>
<status status="PASS" starttime="20190612 19:08:57.256" endtime="20190612 19:08:59.258"></status>
</kw>
<status status="PASS" starttime="20190612 19:08:57.256" endtime="20190612 19:08:59.258"></status>
</kw>
<status status="PASS" starttime="20190612 19:08:55.848" endtime="20190612 19:08:59.258"></status>
</kw>
<kw name="Espoo" library="Bylocation">
<kw name="Click Element" library="SeleniumLibrary">
<doc>Click element identified by ``locator``.</doc>
<arguments>
<arg>xpath=/html/body/footer/div/div[1]/div[1]/fieldset/ul/li[2]/a</arg>
</arguments>
<msg timestamp="20190612 19:08:59.259" level="INFO">Clicking element 'xpath=/html/body/footer/div/div[1]/div[1]/fieldset/ul/li[2]/a'.</msg>
<status status="PASS" starttime="20190612 19:08:59.259" endtime="20190612 19:09:00.050"></status>
</kw>
<kw name="Nap" library="jpcommon">
<kw name="Sleep" library="BuiltIn">
<doc>Pauses the test executed for the given time.</doc>
<arguments>
<arg>2s</arg>
</arguments>
<msg timestamp="20190612 19:09:02.053" level="INFO">Slept 2 seconds</msg>
<status status="PASS" starttime="20190612 19:09:00.050" endtime="20190612 19:09:02.053"></status>
</kw>
<status status="PASS" starttime="20190612 19:09:00.050" endtime="20190612 19:09:02.053"></status>
</kw>
<status status="PASS" starttime="20190612 19:08:59.259" endtime="20190612 19:09:02.053"></status>
</kw>
<status status="PASS" starttime="20190612 19:08:55.847" endtime="20190612 19:09:02.054"></status>
</kw>
<kw name="Show all jobs by company" library="jpapp">
<kw name="Nokia" library="Bycompany">
<kw name="Click Element" library="SeleniumLibrary">
<doc>Click element identified by ``locator``.</doc>
<arguments>
<arg>xpath=/html/body/footer/div/div[1]/div[2]/fieldset/ul/li[1]/a</arg>
</arguments>
<msg timestamp="20190612 19:09:02.055" level="INFO">Clicking element 'xpath=/html/body/footer/div/div[1]/div[2]/fieldset/ul/li[1]/a'.</msg>
<status status="PASS" starttime="20190612 19:09:02.055" endtime="20190612 19:09:02.803"></status>
</kw>
<kw name="Nap" library="jpcommon">
<kw name="Sleep" library="BuiltIn">
<doc>Pauses the test executed for the given time.</doc>
<arguments>
<arg>2s</arg>
</arguments>
<msg timestamp="20190612 19:09:04.804" level="INFO">Slept 2 seconds</msg>
<status status="PASS" starttime="20190612 19:09:02.804" endtime="20190612 19:09:04.805"></status>
</kw>
<status status="PASS" starttime="20190612 19:09:02.803" endtime="20190612 19:09:04.805"></status>
</kw>
<status status="PASS" starttime="20190612 19:09:02.054" endtime="20190612 19:09:04.805"></status>
</kw>
<status status="PASS" starttime="20190612 19:09:02.054" endtime="20190612 19:09:04.805"></status>
</kw>
<kw name="Show all jobs by role" library="jpapp">
<kw name="Python jobs" library="Byrole">
<kw name="Click Element" library="SeleniumLibrary">
<doc>Click element identified by ``locator``.</doc>
<arguments>
<arg>xpath=/html/body/footer/div/div[1]/div[3]/fieldset/ul/li[1]/a</arg>
</arguments>
<msg timestamp="20190612 19:09:04.807" level="INFO">Clicking element 'xpath=/html/body/footer/div/div[1]/div[3]/fieldset/ul/li[1]/a'.</msg>
<status status="PASS" starttime="20190612 19:09:04.807" endtime="20190612 19:09:05.968"></status>
</kw>
<kw name="Nap" library="jpcommon">
<kw name="Sleep" library="BuiltIn">
<doc>Pauses the test executed for the given time.</doc>
<arguments>
<arg>2s</arg>
</arguments>
<msg timestamp="20190612 19:09:07.970" level="INFO">Slept 2 seconds</msg>
<status status="PASS" starttime="20190612 19:09:05.969" endtime="20190612 19:09:07.971"></status>
</kw>
<status status="PASS" starttime="20190612 19:09:05.969" endtime="20190612 19:09:07.971"></status>
</kw>
<status status="PASS" starttime="20190612 19:09:04.806" endtime="20190612 19:09:07.971"></status>
</kw>
<status status="PASS" starttime="20190612 19:09:04.806" endtime="20190612 19:09:07.971"></status>
</kw>
<kw name="End Web Test" library="jpcommon" type="teardown">
<kw name="Close Browser" library="SeleniumLibrary">
<doc>Closes the current browser.</doc>
<status status="PASS" starttime="20190612 19:09:07.972" endtime="20190612 19:09:08.064"></status>
</kw>
<status status="PASS" starttime="20190612 19:09:07.972" endtime="20190612 19:09:08.064"></status>
</kw>
<status status="PASS" starttime="20190612 19:08:49.119" endtime="20190612 19:09:08.064" critical="yes"></status>
</test>
<doc>Check major links</doc>
<status status="PASS" starttime="20190612 19:08:48.890" endtime="20190612 19:09:08.066"></status>
</suite>
<statistics>
<total>
<stat pass="1" fail="0">Critical Tests</stat>
<stat pass="1" fail="0">All Tests</stat>
</total>
<tag>
</tag>
<suite>
<stat pass="1" fail="0" id="s1" name="Test">Test</stat>
</suite>
</statistics>
<errors>
</errors>
</robot>
